<?xml version="1.0" encoding="UTF-8"?>
<!-- Generated by org.testng.reporters.JUnitReportReporter -->
<testsuite hostname="DESKTOP-0K7UAQV" failures="0" tests="2" name="fdPack.LoginTest" time="11.301" errors="0" timestamp="2024-09-18T15:58:55 IST" skipped="0">
  <testcase classname="fdPack.LoginTest" name="login" time="5.644"/>
  <testcase classname="fdPack.LoginTest" name="login" time="5.657"/>
</testsuite> <!-- fdPack.LoginTest -->
