<?xml version="1.0" encoding="UTF-8"?>
<!-- Generated by org.testng.reporters.JUnitReportReporter -->
<testsuite hostname="DESKTOP-0K7UAQV" failures="0" tests="1" name="fdPack.excelClassTest" time="0.972" errors="0" timestamp="2024-09-18T15:58:55 IST" skipped="0">
  <testcase classname="fdPack.excelClassTest" name="excel" time="0.972"/>
</testsuite> <!-- fdPack.excelClassTest -->
