<?xml version="1.0" encoding="UTF-8"?>
<!-- Generated by org.testng.reporters.JUnitReportReporter -->
<testsuite hostname="DESKTOP-0K7UAQV" failures="0" tests="2" name="fdPack.TwoTest" time="0.035" errors="0" timestamp="2024-09-18T15:58:55 IST" skipped="0">
  <testcase classname="fdPack.TwoTest" name="case22" time="0.017"/>
  <testcase classname="fdPack.TwoTest" name="case2" time="0.018"/>
</testsuite> <!-- fdPack.TwoTest -->
