<?xml version="1.0" encoding="UTF-8"?>
<!-- Generated by org.testng.reporters.JUnitReportReporter -->
<testsuite hostname="DESKTOP-0K7UAQV" failures="0" tests="1" name="fdPack.ThreeTest" time="3.196" errors="0" timestamp="2024-09-18T15:58:55 IST" skipped="0">
  <testcase classname="fdPack.ThreeTest" name="case3" time="3.196"/>
</testsuite> <!-- fdPack.ThreeTest -->
