<?xml version="1.0" encoding="UTF-8"?>
<!-- Generated by org.testng.reporters.JUnitReportReporter -->
<testsuite hostname="DESKTOP-0K7UAQV" failures="0" tests="1" name="fdPack.excelClass" time="0.856" errors="0" timestamp="2024-09-17T23:05:23 IST" skipped="0">
  <testcase classname="fdPack.excelClass" name="excel" time="0.856"/>
</testsuite> <!-- fdPack.excelClass -->
