<?xml version="1.0" encoding="UTF-8"?>
<!-- Generated by org.testng.reporters.JUnitReportReporter -->
<testsuite hostname="DESKTOP-0K7UAQV" failures="0" tests="1" name="fdPack.TestThree" time="0.006" errors="0" timestamp="2024-09-17T23:05:23 IST" skipped="0">
  <testcase classname="fdPack.TestThree" name="case3" time="0.006"/>
</testsuite> <!-- fdPack.TestThree -->
