<?xml version="1.0" encoding="UTF-8"?>
<!-- Generated by org.testng.reporters.JUnitReportReporter -->
<testsuite hostname="DESKTOP-0K7UAQV" failures="0" tests="1" name="fdPack.TestTwo" time="0.003" errors="0" timestamp="2024-09-17T23:05:23 IST" skipped="0">
  <testcase classname="fdPack.TestTwo" name="case2" time="0.003"/>
</testsuite> <!-- fdPack.TestTwo -->
